jq: error: Invalid escape at line 1, column 4 (while parsing '"\!"') at <top-level>, line 2:
.nodes[2].parameters.functionCode = "// Extract LinkedIn username from URL and get unipileAccountId from webhook\nconst linkedinUrl = $input.item.json.linkedin_url;\nconst username = linkedinUrl.split(\"/in/\")[1]?.split(\"?\")[0]?.replace(\"/\", \"\");\n\nif (\!username) {\n  throw new Error(\"Invalid LinkedIn URL: \" + linkedinUrl);\n}\n\n// Get unipileAccountId from the webhook node\nconst webhookData = $node[\"Campaign Webhook\"].json;\nconst unipileAccountId = webhookData.unipileAccountId;\n\nif (\!unipileAccountId) {\n  throw new Error(\"Missing unipileAccountId from webhook\");\n}\n\nreturn {\n  ...items[0].json,\n  linkedin_username: username,\n  unipileAccountId: unipileAccountId\n};"                                                                                                                                                                                                                                                                     
jq: error: Invalid escape at line 1, column 4 (while parsing '"\!"') at <top-level>, line 2:
.nodes[2].parameters.functionCode = "// Extract LinkedIn username from URL and get unipileAccountId from webhook\nconst linkedinUrl = $input.item.json.linkedin_url;\nconst username = linkedinUrl.split(\"/in/\")[1]?.split(\"?\")[0]?.replace(\"/\", \"\");\n\nif (\!username) {\n  throw new Error(\"Invalid LinkedIn URL: \" + linkedinUrl);\n}\n\n// Get unipileAccountId from the webhook node\nconst webhookData = $node[\"Campaign Webhook\"].json;\nconst unipileAccountId = webhookData.unipileAccountId;\n\nif (\!unipileAccountId) {\n  throw new Error(\"Missing unipileAccountId from webhook\");\n}\n\nreturn {\n  ...items[0].json,\n  linkedin_username: username,\n  unipileAccountId: unipileAccountId\n};"                                                                                                                                                                                                                                                                                                                                                                                                                                                                                                                           
jq: 2 compile errors
